:: loading settings :: url = jar:file:/opt/spark/jars/ivy-2.5.1.jar!/org/apache/ivy/core/settings/ivysettings.xml
Ivy Default Cache set to: /home/spark/.ivy2/cache
The jars for the packages stored in: /home/spark/.ivy2/jars
org.apache.hadoop#hadoop-aws added as a dependency
com.amazonaws#aws-java-sdk-bundle added as a dependency
software.amazon.awssdk#bundle added as a dependency
software.amazon.awssdk#url-connection-client added as a dependency
:: resolving dependencies :: org.apache.spark#spark-submit-parent-95fd6b22-e3ec-4b17-b695-baf482c1edca;1.0
	confs: [default]
	found org.apache.hadoop#hadoop-aws;3.3.4 in central
	found com.amazonaws#aws-java-sdk-bundle;1.12.262 in central
	found org.wildfly.openssl#wildfly-openssl;1.0.7.Final in central
	found software.amazon.awssdk#bundle;2.17.257 in central
	found software.amazon.eventstream#eventstream;1.0.1 in central
	found software.amazon.awssdk#url-connection-client;2.17.257 in central
	found software.amazon.awssdk#utils;2.17.257 in central
	found org.reactivestreams#reactive-streams;1.0.3 in central
	found software.amazon.awssdk#annotations;2.17.257 in central
	found org.slf4j#slf4j-api;1.7.30 in central
	found software.amazon.awssdk#http-client-spi;2.17.257 in central
	found software.amazon.awssdk#metrics-spi;2.17.257 in central
:: resolution report :: resolve 202ms :: artifacts dl 12ms
	:: modules in use:
	com.amazonaws#aws-java-sdk-bundle;1.12.262 from central in [default]
	org.apache.hadoop#hadoop-aws;3.3.4 from central in [default]
	org.reactivestreams#reactive-streams;1.0.3 from central in [default]
	org.slf4j#slf4j-api;1.7.30 from central in [default]
	org.wildfly.openssl#wildfly-openssl;1.0.7.Final from central in [default]
	software.amazon.awssdk#annotations;2.17.257 from central in [default]
	software.amazon.awssdk#bundle;2.17.257 from central in [default]
	software.amazon.awssdk#http-client-spi;2.17.257 from central in [default]
	software.amazon.awssdk#metrics-spi;2.17.257 from central in [default]
	software.amazon.awssdk#url-connection-client;2.17.257 from central in [default]
	software.amazon.awssdk#utils;2.17.257 from central in [default]
	software.amazon.eventstream#eventstream;1.0.1 from central in [default]
	---------------------------------------------------------------------
	|                  |            modules            ||   artifacts   |
	|       conf       | number| search|dwnlded|evicted|| number|dwnlded|
	---------------------------------------------------------------------
	|      default     |   12  |   0   |   0   |   0   ||   12  |   0   |
	---------------------------------------------------------------------
:: retrieving :: org.apache.spark#spark-submit-parent-95fd6b22-e3ec-4b17-b695-baf482c1edca
	confs: [default]
	0 artifacts copied, 12 already retrieved (0kB/7ms)
25/11/25 19:34:06 WARN NativeCodeLoader: Unable to load native-hadoop library for your platform... using builtin-java classes where applicable
Loaded 2 log configurations
25/11/25 19:34:06 INFO SparkContext: Running Spark version 3.5.0
25/11/25 19:34:06 INFO SparkContext: OS info Linux, 6.6.96-0-virt, aarch64
25/11/25 19:34:06 INFO SparkContext: Java version 11.0.20.1
25/11/25 19:34:06 INFO ResourceUtils: ==============================================================
25/11/25 19:34:06 INFO ResourceUtils: No custom resources configured for spark.driver.
25/11/25 19:34:06 INFO ResourceUtils: ==============================================================
25/11/25 19:34:06 INFO SparkContext: Submitted application: StructuredLogConsumer
25/11/25 19:34:06 INFO ResourceProfile: Default ResourceProfile created, executor resources: Map(cores -> name: cores, amount: 1, script: , vendor: , memory -> name: memory, amount: 1024, script: , vendor: , offHeap -> name: offHeap, amount: 0, script: , vendor: ), task resources: Map(cpus -> name: cpus, amount: 1.0)
25/11/25 19:34:06 INFO ResourceProfile: Limiting resource is cpu
25/11/25 19:34:06 INFO ResourceProfileManager: Added ResourceProfile id: 0
25/11/25 19:34:06 INFO SecurityManager: Changing view acls to: spark
25/11/25 19:34:06 INFO SecurityManager: Changing modify acls to: spark
25/11/25 19:34:06 INFO SecurityManager: Changing view acls groups to: 
25/11/25 19:34:06 INFO SecurityManager: Changing modify acls groups to: 
25/11/25 19:34:06 INFO SecurityManager: SecurityManager: authentication disabled; ui acls disabled; users with view permissions: spark; groups with view permissions: EMPTY; users with modify permissions: spark; groups with modify permissions: EMPTY
25/11/25 19:34:06 INFO Utils: Successfully started service 'sparkDriver' on port 39787.
25/11/25 19:34:06 INFO SparkEnv: Registering MapOutputTracker
25/11/25 19:34:06 INFO SparkEnv: Registering BlockManagerMaster
25/11/25 19:34:06 INFO BlockManagerMasterEndpoint: Using org.apache.spark.storage.DefaultTopologyMapper for getting topology information
25/11/25 19:34:06 INFO BlockManagerMasterEndpoint: BlockManagerMasterEndpoint up
25/11/25 19:34:06 INFO SparkEnv: Registering BlockManagerMasterHeartbeat
25/11/25 19:34:06 INFO DiskBlockManager: Created local directory at /tmp/blockmgr-003c7482-7ba9-4552-8e51-57e5885a2067
25/11/25 19:34:06 INFO MemoryStore: MemoryStore started with capacity 434.4 MiB
25/11/25 19:34:06 INFO SparkEnv: Registering OutputCommitCoordinator
25/11/25 19:34:06 INFO JettyUtils: Start Jetty 0.0.0.0:4040 for SparkUI
25/11/25 19:34:07 INFO Utils: Successfully started service 'SparkUI' on port 4040.
25/11/25 19:34:07 INFO SparkContext: Added JAR file:///home/spark/.ivy2/jars/org.apache.hadoop_hadoop-aws-3.3.4.jar at spark://77a86cad8211:39787/jars/org.apache.hadoop_hadoop-aws-3.3.4.jar with timestamp 1764099246517
25/11/25 19:34:07 INFO SparkContext: Added JAR file:///home/spark/.ivy2/jars/com.amazonaws_aws-java-sdk-bundle-1.12.262.jar at spark://77a86cad8211:39787/jars/com.amazonaws_aws-java-sdk-bundle-1.12.262.jar with timestamp 1764099246517
25/11/25 19:34:07 INFO SparkContext: Added JAR file:///home/spark/.ivy2/jars/software.amazon.awssdk_bundle-2.17.257.jar at spark://77a86cad8211:39787/jars/software.amazon.awssdk_bundle-2.17.257.jar with timestamp 1764099246517
25/11/25 19:34:07 INFO SparkContext: Added JAR file:///home/spark/.ivy2/jars/software.amazon.awssdk_url-connection-client-2.17.257.jar at spark://77a86cad8211:39787/jars/software.amazon.awssdk_url-connection-client-2.17.257.jar with timestamp 1764099246517
25/11/25 19:34:07 INFO SparkContext: Added JAR file:///home/spark/.ivy2/jars/org.wildfly.openssl_wildfly-openssl-1.0.7.Final.jar at spark://77a86cad8211:39787/jars/org.wildfly.openssl_wildfly-openssl-1.0.7.Final.jar with timestamp 1764099246517
25/11/25 19:34:07 INFO SparkContext: Added JAR file:///home/spark/.ivy2/jars/software.amazon.eventstream_eventstream-1.0.1.jar at spark://77a86cad8211:39787/jars/software.amazon.eventstream_eventstream-1.0.1.jar with timestamp 1764099246517
25/11/25 19:34:07 INFO SparkContext: Added JAR file:///home/spark/.ivy2/jars/software.amazon.awssdk_utils-2.17.257.jar at spark://77a86cad8211:39787/jars/software.amazon.awssdk_utils-2.17.257.jar with timestamp 1764099246517
25/11/25 19:34:07 INFO SparkContext: Added JAR file:///home/spark/.ivy2/jars/software.amazon.awssdk_annotations-2.17.257.jar at spark://77a86cad8211:39787/jars/software.amazon.awssdk_annotations-2.17.257.jar with timestamp 1764099246517
25/11/25 19:34:07 INFO SparkContext: Added JAR file:///home/spark/.ivy2/jars/software.amazon.awssdk_http-client-spi-2.17.257.jar at spark://77a86cad8211:39787/jars/software.amazon.awssdk_http-client-spi-2.17.257.jar with timestamp 1764099246517
25/11/25 19:34:07 INFO SparkContext: Added JAR file:///home/spark/.ivy2/jars/org.reactivestreams_reactive-streams-1.0.3.jar at spark://77a86cad8211:39787/jars/org.reactivestreams_reactive-streams-1.0.3.jar with timestamp 1764099246517
25/11/25 19:34:07 INFO SparkContext: Added JAR file:///home/spark/.ivy2/jars/org.slf4j_slf4j-api-1.7.30.jar at spark://77a86cad8211:39787/jars/org.slf4j_slf4j-api-1.7.30.jar with timestamp 1764099246517
25/11/25 19:34:07 INFO SparkContext: Added JAR file:///home/spark/.ivy2/jars/software.amazon.awssdk_metrics-spi-2.17.257.jar at spark://77a86cad8211:39787/jars/software.amazon.awssdk_metrics-spi-2.17.257.jar with timestamp 1764099246517
25/11/25 19:34:07 INFO SparkContext: Added JAR file:/opt/spark-apps-java/structured-log-consumer-1.0.0.jar at spark://77a86cad8211:39787/jars/structured-log-consumer-1.0.0.jar with timestamp 1764099246517
25/11/25 19:34:07 INFO Executor: Starting executor ID driver on host 77a86cad8211
25/11/25 19:34:07 INFO Executor: OS info Linux, 6.6.96-0-virt, aarch64
25/11/25 19:34:07 INFO Executor: Java version 11.0.20.1
25/11/25 19:34:07 INFO Executor: Starting executor with user classpath (userClassPathFirst = false): ''
25/11/25 19:34:07 INFO Executor: Created or updated repl class loader org.apache.spark.util.MutableURLClassLoader@93bf0e0 for default.
25/11/25 19:34:07 INFO Executor: Fetching spark://77a86cad8211:39787/jars/org.reactivestreams_reactive-streams-1.0.3.jar with timestamp 1764099246517
25/11/25 19:34:07 INFO TransportClientFactory: Successfully created connection to 77a86cad8211/172.20.0.3:39787 after 15 ms (0 ms spent in bootstraps)
25/11/25 19:34:07 INFO Utils: Fetching spark://77a86cad8211:39787/jars/org.reactivestreams_reactive-streams-1.0.3.jar to /tmp/spark-c8fcdec8-2b8d-439e-92e3-c183b799cd97/userFiles-b0eab386-ec2e-40d4-8851-214de4033dff/fetchFileTemp2755428478782387849.tmp
25/11/25 19:34:07 INFO Executor: Adding file:/tmp/spark-c8fcdec8-2b8d-439e-92e3-c183b799cd97/userFiles-b0eab386-ec2e-40d4-8851-214de4033dff/org.reactivestreams_reactive-streams-1.0.3.jar to class loader default
25/11/25 19:34:07 INFO Executor: Fetching spark://77a86cad8211:39787/jars/software.amazon.awssdk_url-connection-client-2.17.257.jar with timestamp 1764099246517
25/11/25 19:34:07 INFO Utils: Fetching spark://77a86cad8211:39787/jars/software.amazon.awssdk_url-connection-client-2.17.257.jar to /tmp/spark-c8fcdec8-2b8d-439e-92e3-c183b799cd97/userFiles-b0eab386-ec2e-40d4-8851-214de4033dff/fetchFileTemp166502183542103458.tmp
25/11/25 19:34:07 INFO Executor: Adding file:/tmp/spark-c8fcdec8-2b8d-439e-92e3-c183b799cd97/userFiles-b0eab386-ec2e-40d4-8851-214de4033dff/software.amazon.awssdk_url-connection-client-2.17.257.jar to class loader default
25/11/25 19:34:07 INFO Executor: Fetching spark://77a86cad8211:39787/jars/software.amazon.eventstream_eventstream-1.0.1.jar with timestamp 1764099246517
25/11/25 19:34:07 INFO Utils: Fetching spark://77a86cad8211:39787/jars/software.amazon.eventstream_eventstream-1.0.1.jar to /tmp/spark-c8fcdec8-2b8d-439e-92e3-c183b799cd97/userFiles-b0eab386-ec2e-40d4-8851-214de4033dff/fetchFileTemp12037735791901374557.tmp
25/11/25 19:34:07 INFO Executor: Adding file:/tmp/spark-c8fcdec8-2b8d-439e-92e3-c183b799cd97/userFiles-b0eab386-ec2e-40d4-8851-214de4033dff/software.amazon.eventstream_eventstream-1.0.1.jar to class loader default
25/11/25 19:34:07 INFO Executor: Fetching spark://77a86cad8211:39787/jars/org.wildfly.openssl_wildfly-openssl-1.0.7.Final.jar with timestamp 1764099246517
25/11/25 19:34:07 INFO Utils: Fetching spark://77a86cad8211:39787/jars/org.wildfly.openssl_wildfly-openssl-1.0.7.Final.jar to /tmp/spark-c8fcdec8-2b8d-439e-92e3-c183b799cd97/userFiles-b0eab386-ec2e-40d4-8851-214de4033dff/fetchFileTemp12319004046477347510.tmp
25/11/25 19:34:07 INFO Executor: Adding file:/tmp/spark-c8fcdec8-2b8d-439e-92e3-c183b799cd97/userFiles-b0eab386-ec2e-40d4-8851-214de4033dff/org.wildfly.openssl_wildfly-openssl-1.0.7.Final.jar to class loader default
25/11/25 19:34:07 INFO Executor: Fetching spark://77a86cad8211:39787/jars/structured-log-consumer-1.0.0.jar with timestamp 1764099246517
25/11/25 19:34:07 INFO Utils: Fetching spark://77a86cad8211:39787/jars/structured-log-consumer-1.0.0.jar to /tmp/spark-c8fcdec8-2b8d-439e-92e3-c183b799cd97/userFiles-b0eab386-ec2e-40d4-8851-214de4033dff/fetchFileTemp4447916257062213938.tmp
25/11/25 19:34:07 INFO Executor: Adding file:/tmp/spark-c8fcdec8-2b8d-439e-92e3-c183b799cd97/userFiles-b0eab386-ec2e-40d4-8851-214de4033dff/structured-log-consumer-1.0.0.jar to class loader default
25/11/25 19:34:07 INFO Executor: Fetching spark://77a86cad8211:39787/jars/software.amazon.awssdk_metrics-spi-2.17.257.jar with timestamp 1764099246517
25/11/25 19:34:07 INFO Utils: Fetching spark://77a86cad8211:39787/jars/software.amazon.awssdk_metrics-spi-2.17.257.jar to /tmp/spark-c8fcdec8-2b8d-439e-92e3-c183b799cd97/userFiles-b0eab386-ec2e-40d4-8851-214de4033dff/fetchFileTemp6031837466467937210.tmp
25/11/25 19:34:07 INFO Executor: Adding file:/tmp/spark-c8fcdec8-2b8d-439e-92e3-c183b799cd97/userFiles-b0eab386-ec2e-40d4-8851-214de4033dff/software.amazon.awssdk_metrics-spi-2.17.257.jar to class loader default
25/11/25 19:34:07 INFO Executor: Fetching spark://77a86cad8211:39787/jars/software.amazon.awssdk_http-client-spi-2.17.257.jar with timestamp 1764099246517
25/11/25 19:34:07 INFO Utils: Fetching spark://77a86cad8211:39787/jars/software.amazon.awssdk_http-client-spi-2.17.257.jar to /tmp/spark-c8fcdec8-2b8d-439e-92e3-c183b799cd97/userFiles-b0eab386-ec2e-40d4-8851-214de4033dff/fetchFileTemp13426699477111808609.tmp
25/11/25 19:34:07 INFO Executor: Adding file:/tmp/spark-c8fcdec8-2b8d-439e-92e3-c183b799cd97/userFiles-b0eab386-ec2e-40d4-8851-214de4033dff/software.amazon.awssdk_http-client-spi-2.17.257.jar to class loader default
25/11/25 19:34:07 INFO Executor: Fetching spark://77a86cad8211:39787/jars/com.amazonaws_aws-java-sdk-bundle-1.12.262.jar with timestamp 1764099246517
25/11/25 19:34:07 INFO Utils: Fetching spark://77a86cad8211:39787/jars/com.amazonaws_aws-java-sdk-bundle-1.12.262.jar to /tmp/spark-c8fcdec8-2b8d-439e-92e3-c183b799cd97/userFiles-b0eab386-ec2e-40d4-8851-214de4033dff/fetchFileTemp9564878433694254101.tmp
25/11/25 19:34:07 INFO Executor: Adding file:/tmp/spark-c8fcdec8-2b8d-439e-92e3-c183b799cd97/userFiles-b0eab386-ec2e-40d4-8851-214de4033dff/com.amazonaws_aws-java-sdk-bundle-1.12.262.jar to class loader default
25/11/25 19:34:07 INFO Executor: Fetching spark://77a86cad8211:39787/jars/org.slf4j_slf4j-api-1.7.30.jar with timestamp 1764099246517
25/11/25 19:34:07 INFO Utils: Fetching spark://77a86cad8211:39787/jars/org.slf4j_slf4j-api-1.7.30.jar to /tmp/spark-c8fcdec8-2b8d-439e-92e3-c183b799cd97/userFiles-b0eab386-ec2e-40d4-8851-214de4033dff/fetchFileTemp3576641727967969398.tmp
25/11/25 19:34:07 INFO Executor: Adding file:/tmp/spark-c8fcdec8-2b8d-439e-92e3-c183b799cd97/userFiles-b0eab386-ec2e-40d4-8851-214de4033dff/org.slf4j_slf4j-api-1.7.30.jar to class loader default
25/11/25 19:34:07 INFO Executor: Fetching spark://77a86cad8211:39787/jars/software.amazon.awssdk_bundle-2.17.257.jar with timestamp 1764099246517
25/11/25 19:34:07 INFO Utils: Fetching spark://77a86cad8211:39787/jars/software.amazon.awssdk_bundle-2.17.257.jar to /tmp/spark-c8fcdec8-2b8d-439e-92e3-c183b799cd97/userFiles-b0eab386-ec2e-40d4-8851-214de4033dff/fetchFileTemp3820950756631111173.tmp
25/11/25 19:34:07 INFO Executor: Adding file:/tmp/spark-c8fcdec8-2b8d-439e-92e3-c183b799cd97/userFiles-b0eab386-ec2e-40d4-8851-214de4033dff/software.amazon.awssdk_bundle-2.17.257.jar to class loader default
25/11/25 19:34:07 INFO Executor: Fetching spark://77a86cad8211:39787/jars/software.amazon.awssdk_utils-2.17.257.jar with timestamp 1764099246517
25/11/25 19:34:07 INFO Utils: Fetching spark://77a86cad8211:39787/jars/software.amazon.awssdk_utils-2.17.257.jar to /tmp/spark-c8fcdec8-2b8d-439e-92e3-c183b799cd97/userFiles-b0eab386-ec2e-40d4-8851-214de4033dff/fetchFileTemp346108910897182303.tmp
25/11/25 19:34:07 INFO Executor: Adding file:/tmp/spark-c8fcdec8-2b8d-439e-92e3-c183b799cd97/userFiles-b0eab386-ec2e-40d4-8851-214de4033dff/software.amazon.awssdk_utils-2.17.257.jar to class loader default
25/11/25 19:34:07 INFO Executor: Fetching spark://77a86cad8211:39787/jars/software.amazon.awssdk_annotations-2.17.257.jar with timestamp 1764099246517
25/11/25 19:34:07 INFO Utils: Fetching spark://77a86cad8211:39787/jars/software.amazon.awssdk_annotations-2.17.257.jar to /tmp/spark-c8fcdec8-2b8d-439e-92e3-c183b799cd97/userFiles-b0eab386-ec2e-40d4-8851-214de4033dff/fetchFileTemp13759130806092288217.tmp
25/11/25 19:34:07 INFO Executor: Adding file:/tmp/spark-c8fcdec8-2b8d-439e-92e3-c183b799cd97/userFiles-b0eab386-ec2e-40d4-8851-214de4033dff/software.amazon.awssdk_annotations-2.17.257.jar to class loader default
25/11/25 19:34:07 INFO Executor: Fetching spark://77a86cad8211:39787/jars/org.apache.hadoop_hadoop-aws-3.3.4.jar with timestamp 1764099246517
25/11/25 19:34:07 INFO Utils: Fetching spark://77a86cad8211:39787/jars/org.apache.hadoop_hadoop-aws-3.3.4.jar to /tmp/spark-c8fcdec8-2b8d-439e-92e3-c183b799cd97/userFiles-b0eab386-ec2e-40d4-8851-214de4033dff/fetchFileTemp9514055485926399667.tmp
25/11/25 19:34:07 INFO Executor: Adding file:/tmp/spark-c8fcdec8-2b8d-439e-92e3-c183b799cd97/userFiles-b0eab386-ec2e-40d4-8851-214de4033dff/org.apache.hadoop_hadoop-aws-3.3.4.jar to class loader default
25/11/25 19:34:07 INFO Utils: Successfully started service 'org.apache.spark.network.netty.NettyBlockTransferService' on port 33185.
25/11/25 19:34:07 INFO NettyBlockTransferService: Server created on 77a86cad8211:33185
25/11/25 19:34:07 INFO BlockManager: Using org.apache.spark.storage.RandomBlockReplicationPolicy for block replication policy
25/11/25 19:34:07 INFO BlockManagerMaster: Registering BlockManager BlockManagerId(driver, 77a86cad8211, 33185, None)
25/11/25 19:34:07 INFO BlockManagerMasterEndpoint: Registering block manager 77a86cad8211:33185 with 434.4 MiB RAM, BlockManagerId(driver, 77a86cad8211, 33185, None)
25/11/25 19:34:07 INFO BlockManagerMaster: Registered BlockManager BlockManagerId(driver, 77a86cad8211, 33185, None)
25/11/25 19:34:07 INFO BlockManager: Initialized BlockManager: BlockManagerId(driver, 77a86cad8211, 33185, None)
Processing log config: ApiMetrics -> analytics.logs.api_metrics
Skipping database creation for Hadoop catalog
Creating Iceberg table: local.analytics.logs.api_metrics
Executing: CREATE TABLE IF NOT EXISTS local.analytics.logs.api_metrics (timestamp TIMESTAMP, metric_date DATE, service_name STRING, endpoint STRING, method STRING, status_code INT, response_time_ms LONG, request_size_bytes LONG, response_size_bytes LONG, user_id STRING, client_ip STRING, error_message STRING, _ingestion_timestamp TIMESTAMP, _ingestion_date DATE) USING iceberg PARTITIONED BY (metric_date, service_name) TBLPROPERTIES ('write.format.default'='parquet', 'write.parquet.compression-codec'='snappy', 'write.metadata.compression-codec'='gzip', 'sort.order'='timestamp, endpoint')
25/11/25 19:34:08 WARN MetricsConfig: Cannot locate configuration: tried hadoop-metrics2-s3a-file-system.properties,hadoop-metrics2.properties
SLF4J: Failed to load class "org.slf4j.impl.StaticLoggerBinder".
SLF4J: Defaulting to no-operation (NOP) logger implementation
SLF4J: See http://www.slf4j.org/codes.html#StaticLoggerBinder for further details.
Error creating table analytics.logs.api_metrics: Unable to load region from any of the providers in the chain software.amazon.awssdk.regions.providers.DefaultAwsRegionProviderChain@1b2213b2: [software.amazon.awssdk.regions.providers.SystemSettingsRegionProvider@236e6563: Unable to load region from system settings. Region must be specified either via environment variable (AWS_REGION) or  system property (aws.region)., software.amazon.awssdk.regions.providers.AwsProfileRegionProvider@207e3ffd: No region provided in profile: default, software.amazon.awssdk.regions.providers.InstanceProfileRegionProvider@4ff233f9: Unable to contact EC2 metadata service.]
software.amazon.awssdk.core.exception.SdkClientException: Unable to load region from any of the providers in the chain software.amazon.awssdk.regions.providers.DefaultAwsRegionProviderChain@1b2213b2: [software.amazon.awssdk.regions.providers.SystemSettingsRegionProvider@236e6563: Unable to load region from system settings. Region must be specified either via environment variable (AWS_REGION) or  system property (aws.region)., software.amazon.awssdk.regions.providers.AwsProfileRegionProvider@207e3ffd: No region provided in profile: default, software.amazon.awssdk.regions.providers.InstanceProfileRegionProvider@4ff233f9: Unable to contact EC2 metadata service.]
	at software.amazon.awssdk.core.exception.SdkClientException$BuilderImpl.build(SdkClientException.java:102)
	at software.amazon.awssdk.regions.providers.AwsRegionProviderChain.getRegion(AwsRegionProviderChain.java:70)
	at software.amazon.awssdk.awscore.client.builder.AwsDefaultClientBuilder.regionFromDefaultProvider(AwsDefaultClientBuilder.java:276)
	at software.amazon.awssdk.awscore.client.builder.AwsDefaultClientBuilder.resolveRegion(AwsDefaultClientBuilder.java:258)
	at software.amazon.awssdk.awscore.client.builder.AwsDefaultClientBuilder.finalizeChildConfiguration(AwsDefaultClientBuilder.java:179)
	at software.amazon.awssdk.core.client.builder.SdkDefaultClientBuilder.syncClientConfiguration(SdkDefaultClientBuilder.java:177)
	at software.amazon.awssdk.services.s3.DefaultS3ClientBuilder.buildClient(DefaultS3ClientBuilder.java:27)
	at software.amazon.awssdk.services.s3.DefaultS3ClientBuilder.buildClient(DefaultS3ClientBuilder.java:22)
	at software.amazon.awssdk.core.client.builder.SdkDefaultClientBuilder.build(SdkDefaultClientBuilder.java:145)
	at org.apache.iceberg.aws.AwsClientFactories$DefaultAwsClientFactory.s3(AwsClientFactories.java:115)
	at org.apache.iceberg.aws.s3.S3FileIO.client(S3FileIO.java:327)
	at org.apache.iceberg.aws.s3.S3FileIO.newOutputFile(S3FileIO.java:135)
	at org.apache.iceberg.hadoop.HadoopTableOperations.commit(HadoopTableOperations.java:155)
	at org.apache.iceberg.BaseMetastoreCatalog$BaseMetastoreCatalogTableBuilder.create(BaseMetastoreCatalog.java:199)
	at org.apache.iceberg.CachingCatalog$CachingTableBuilder.lambda$create$0(CachingCatalog.java:261)
	at org.apache.iceberg.shaded.com.github.benmanes.caffeine.cache.BoundedLocalCache.lambda$doComputeIfAbsent$14(BoundedLocalCache.java:2406)
	at java.base/java.util.concurrent.ConcurrentHashMap.compute(Unknown Source)
	at org.apache.iceberg.shaded.com.github.benmanes.caffeine.cache.BoundedLocalCache.doComputeIfAbsent(BoundedLocalCache.java:2404)
	at org.apache.iceberg.shaded.com.github.benmanes.caffeine.cache.BoundedLocalCache.computeIfAbsent(BoundedLocalCache.java:2387)
	at org.apache.iceberg.shaded.com.github.benmanes.caffeine.cache.LocalCache.computeIfAbsent(LocalCache.java:108)
	at org.apache.iceberg.shaded.com.github.benmanes.caffeine.cache.LocalManualCache.get(LocalManualCache.java:62)
	at org.apache.iceberg.CachingCatalog$CachingTableBuilder.create(CachingCatalog.java:257)
	at org.apache.iceberg.spark.SparkCatalog.createTable(SparkCatalog.java:236)
	at org.apache.spark.sql.connector.catalog.TableCatalog.createTable(TableCatalog.java:200)
	at org.apache.spark.sql.execution.datasources.v2.CreateTableExec.run(CreateTableExec.scala:44)
	at org.apache.spark.sql.execution.datasources.v2.V2CommandExec.result$lzycompute(V2CommandExec.scala:43)
	at org.apache.spark.sql.execution.datasources.v2.V2CommandExec.result(V2CommandExec.scala:43)
	at org.apache.spark.sql.execution.datasources.v2.V2CommandExec.executeCollect(V2CommandExec.scala:49)
	at org.apache.spark.sql.execution.QueryExecution$$anonfun$eagerlyExecuteCommands$1.$anonfun$applyOrElse$1(QueryExecution.scala:107)
	at org.apache.spark.sql.execution.SQLExecution$.$anonfun$withNewExecutionId$6(SQLExecution.scala:125)
	at org.apache.spark.sql.execution.SQLExecution$.withSQLConfPropagated(SQLExecution.scala:201)
	at org.apache.spark.sql.execution.SQLExecution$.$anonfun$withNewExecutionId$1(SQLExecution.scala:108)
	at org.apache.spark.sql.SparkSession.withActive(SparkSession.scala:900)
	at org.apache.spark.sql.execution.SQLExecution$.withNewExecutionId(SQLExecution.scala:66)
	at org.apache.spark.sql.execution.QueryExecution$$anonfun$eagerlyExecuteCommands$1.applyOrElse(QueryExecution.scala:107)
	at org.apache.spark.sql.execution.QueryExecution$$anonfun$eagerlyExecuteCommands$1.applyOrElse(QueryExecution.scala:98)
	at org.apache.spark.sql.catalyst.trees.TreeNode.$anonfun$transformDownWithPruning$1(TreeNode.scala:461)
	at org.apache.spark.sql.catalyst.trees.CurrentOrigin$.withOrigin(origin.scala:76)
	at org.apache.spark.sql.catalyst.trees.TreeNode.transformDownWithPruning(TreeNode.scala:461)
	at org.apache.spark.sql.catalyst.plans.logical.LogicalPlan.org$apache$spark$sql$catalyst$plans$logical$AnalysisHelper$$super$transformDownWithPruning(LogicalPlan.scala:32)
	at org.apache.spark.sql.catalyst.plans.logical.AnalysisHelper.transformDownWithPruning(AnalysisHelper.scala:267)
	at org.apache.spark.sql.catalyst.plans.logical.AnalysisHelper.transformDownWithPruning$(AnalysisHelper.scala:263)
	at org.apache.spark.sql.catalyst.plans.logical.LogicalPlan.transformDownWithPruning(LogicalPlan.scala:32)
	at org.apache.spark.sql.catalyst.plans.logical.LogicalPlan.transformDownWithPruning(LogicalPlan.scala:32)
	at org.apache.spark.sql.catalyst.trees.TreeNode.transformDown(TreeNode.scala:437)
	at org.apache.spark.sql.execution.QueryExecution.eagerlyExecuteCommands(QueryExecution.scala:98)
	at org.apache.spark.sql.execution.QueryExecution.commandExecuted$lzycompute(QueryExecution.scala:85)
	at org.apache.spark.sql.execution.QueryExecution.commandExecuted(QueryExecution.scala:83)
	at org.apache.spark.sql.Dataset.<init>(Dataset.scala:220)
	at org.apache.spark.sql.Dataset$.$anonfun$ofRows$2(Dataset.scala:100)
	at org.apache.spark.sql.SparkSession.withActive(SparkSession.scala:900)
	at org.apache.spark.sql.Dataset$.ofRows(Dataset.scala:97)
	at org.apache.spark.sql.SparkSession.$anonfun$sql$4(SparkSession.scala:691)
	at org.apache.spark.sql.SparkSession.withActive(SparkSession.scala:900)
	at org.apache.spark.sql.SparkSession.sql(SparkSession.scala:682)
	at org.apache.spark.sql.SparkSession.sql(SparkSession.scala:713)
	at org.apache.spark.sql.SparkSession.sql(SparkSession.scala:744)
	at com.logging.consumer.StructuredLogConsumer.ensureTableExists(StructuredLogConsumer.java:244)
	at com.logging.consumer.StructuredLogConsumer.processLogConfig(StructuredLogConsumer.java:139)
	at com.logging.consumer.StructuredLogConsumer.main(StructuredLogConsumer.java:68)
	at java.base/jdk.internal.reflect.NativeMethodAccessorImpl.invoke0(Native Method)
	at java.base/jdk.internal.reflect.NativeMethodAccessorImpl.invoke(Unknown Source)
	at java.base/jdk.internal.reflect.DelegatingMethodAccessorImpl.invoke(Unknown Source)
	at java.base/java.lang.reflect.Method.invoke(Unknown Source)
	at org.apache.spark.deploy.JavaMainApplication.start(SparkApplication.scala:52)
	at org.apache.spark.deploy.SparkSubmit.org$apache$spark$deploy$SparkSubmit$$runMain(SparkSubmit.scala:1029)
	at org.apache.spark.deploy.SparkSubmit.doRunMain$1(SparkSubmit.scala:194)
	at org.apache.spark.deploy.SparkSubmit.submit(SparkSubmit.scala:217)
	at org.apache.spark.deploy.SparkSubmit.doSubmit(SparkSubmit.scala:91)
	at org.apache.spark.deploy.SparkSubmit$$anon$2.doSubmit(SparkSubmit.scala:1120)
	at org.apache.spark.deploy.SparkSubmit$.main(SparkSubmit.scala:1129)
	at org.apache.spark.deploy.SparkSubmit.main(SparkSubmit.scala)
Exception in thread "main" java.lang.RuntimeException: Failed to create table
	at com.logging.consumer.StructuredLogConsumer.ensureTableExists(StructuredLogConsumer.java:249)
	at com.logging.consumer.StructuredLogConsumer.processLogConfig(StructuredLogConsumer.java:139)
	at com.logging.consumer.StructuredLogConsumer.main(StructuredLogConsumer.java:68)
	at java.base/jdk.internal.reflect.NativeMethodAccessorImpl.invoke0(Native Method)
	at java.base/jdk.internal.reflect.NativeMethodAccessorImpl.invoke(Unknown Source)
	at java.base/jdk.internal.reflect.DelegatingMethodAccessorImpl.invoke(Unknown Source)
	at java.base/java.lang.reflect.Method.invoke(Unknown Source)
	at org.apache.spark.deploy.JavaMainApplication.start(SparkApplication.scala:52)
	at org.apache.spark.deploy.SparkSubmit.org$apache$spark$deploy$SparkSubmit$$runMain(SparkSubmit.scala:1029)
	at org.apache.spark.deploy.SparkSubmit.doRunMain$1(SparkSubmit.scala:194)
	at org.apache.spark.deploy.SparkSubmit.submit(SparkSubmit.scala:217)
	at org.apache.spark.deploy.SparkSubmit.doSubmit(SparkSubmit.scala:91)
	at org.apache.spark.deploy.SparkSubmit$$anon$2.doSubmit(SparkSubmit.scala:1120)
	at org.apache.spark.deploy.SparkSubmit$.main(SparkSubmit.scala:1129)
	at org.apache.spark.deploy.SparkSubmit.main(SparkSubmit.scala)
Caused by: software.amazon.awssdk.core.exception.SdkClientException: Unable to load region from any of the providers in the chain software.amazon.awssdk.regions.providers.DefaultAwsRegionProviderChain@1b2213b2: [software.amazon.awssdk.regions.providers.SystemSettingsRegionProvider@236e6563: Unable to load region from system settings. Region must be specified either via environment variable (AWS_REGION) or  system property (aws.region)., software.amazon.awssdk.regions.providers.AwsProfileRegionProvider@207e3ffd: No region provided in profile: default, software.amazon.awssdk.regions.providers.InstanceProfileRegionProvider@4ff233f9: Unable to contact EC2 metadata service.]
	at software.amazon.awssdk.core.exception.SdkClientException$BuilderImpl.build(SdkClientException.java:102)
	at software.amazon.awssdk.regions.providers.AwsRegionProviderChain.getRegion(AwsRegionProviderChain.java:70)
	at software.amazon.awssdk.awscore.client.builder.AwsDefaultClientBuilder.regionFromDefaultProvider(AwsDefaultClientBuilder.java:276)
	at software.amazon.awssdk.awscore.client.builder.AwsDefaultClientBuilder.resolveRegion(AwsDefaultClientBuilder.java:258)
	at software.amazon.awssdk.awscore.client.builder.AwsDefaultClientBuilder.finalizeChildConfiguration(AwsDefaultClientBuilder.java:179)
	at software.amazon.awssdk.core.client.builder.SdkDefaultClientBuilder.syncClientConfiguration(SdkDefaultClientBuilder.java:177)
	at software.amazon.awssdk.services.s3.DefaultS3ClientBuilder.buildClient(DefaultS3ClientBuilder.java:27)
	at software.amazon.awssdk.services.s3.DefaultS3ClientBuilder.buildClient(DefaultS3ClientBuilder.java:22)
	at software.amazon.awssdk.core.client.builder.SdkDefaultClientBuilder.build(SdkDefaultClientBuilder.java:145)
	at org.apache.iceberg.aws.AwsClientFactories$DefaultAwsClientFactory.s3(AwsClientFactories.java:115)
	at org.apache.iceberg.aws.s3.S3FileIO.client(S3FileIO.java:327)
	at org.apache.iceberg.aws.s3.S3FileIO.newOutputFile(S3FileIO.java:135)
	at org.apache.iceberg.hadoop.HadoopTableOperations.commit(HadoopTableOperations.java:155)
	at org.apache.iceberg.BaseMetastoreCatalog$BaseMetastoreCatalogTableBuilder.create(BaseMetastoreCatalog.java:199)
	at org.apache.iceberg.CachingCatalog$CachingTableBuilder.lambda$create$0(CachingCatalog.java:261)
	at org.apache.iceberg.shaded.com.github.benmanes.caffeine.cache.BoundedLocalCache.lambda$doComputeIfAbsent$14(BoundedLocalCache.java:2406)
	at java.base/java.util.concurrent.ConcurrentHashMap.compute(Unknown Source)
	at org.apache.iceberg.shaded.com.github.benmanes.caffeine.cache.BoundedLocalCache.doComputeIfAbsent(BoundedLocalCache.java:2404)
	at org.apache.iceberg.shaded.com.github.benmanes.caffeine.cache.BoundedLocalCache.computeIfAbsent(BoundedLocalCache.java:2387)
	at org.apache.iceberg.shaded.com.github.benmanes.caffeine.cache.LocalCache.computeIfAbsent(LocalCache.java:108)
	at org.apache.iceberg.shaded.com.github.benmanes.caffeine.cache.LocalManualCache.get(LocalManualCache.java:62)
	at org.apache.iceberg.CachingCatalog$CachingTableBuilder.create(CachingCatalog.java:257)
	at org.apache.iceberg.spark.SparkCatalog.createTable(SparkCatalog.java:236)
	at org.apache.spark.sql.connector.catalog.TableCatalog.createTable(TableCatalog.java:200)
	at org.apache.spark.sql.execution.datasources.v2.CreateTableExec.run(CreateTableExec.scala:44)
	at org.apache.spark.sql.execution.datasources.v2.V2CommandExec.result$lzycompute(V2CommandExec.scala:43)
	at org.apache.spark.sql.execution.datasources.v2.V2CommandExec.result(V2CommandExec.scala:43)
	at org.apache.spark.sql.execution.datasources.v2.V2CommandExec.executeCollect(V2CommandExec.scala:49)
	at org.apache.spark.sql.execution.QueryExecution$$anonfun$eagerlyExecuteCommands$1.$anonfun$applyOrElse$1(QueryExecution.scala:107)
	at org.apache.spark.sql.execution.SQLExecution$.$anonfun$withNewExecutionId$6(SQLExecution.scala:125)
	at org.apache.spark.sql.execution.SQLExecution$.withSQLConfPropagated(SQLExecution.scala:201)
	at org.apache.spark.sql.execution.SQLExecution$.$anonfun$withNewExecutionId$1(SQLExecution.scala:108)
	at org.apache.spark.sql.SparkSession.withActive(SparkSession.scala:900)
	at org.apache.spark.sql.execution.SQLExecution$.withNewExecutionId(SQLExecution.scala:66)
	at org.apache.spark.sql.execution.QueryExecution$$anonfun$eagerlyExecuteCommands$1.applyOrElse(QueryExecution.scala:107)
	at org.apache.spark.sql.execution.QueryExecution$$anonfun$eagerlyExecuteCommands$1.applyOrElse(QueryExecution.scala:98)
	at org.apache.spark.sql.catalyst.trees.TreeNode.$anonfun$transformDownWithPruning$1(TreeNode.scala:461)
	at org.apache.spark.sql.catalyst.trees.CurrentOrigin$.withOrigin(origin.scala:76)
	at org.apache.spark.sql.catalyst.trees.TreeNode.transformDownWithPruning(TreeNode.scala:461)
	at org.apache.spark.sql.catalyst.plans.logical.LogicalPlan.org$apache$spark$sql$catalyst$plans$logical$AnalysisHelper$$super$transformDownWithPruning(LogicalPlan.scala:32)
	at org.apache.spark.sql.catalyst.plans.logical.AnalysisHelper.transformDownWithPruning(AnalysisHelper.scala:267)
	at org.apache.spark.sql.catalyst.plans.logical.AnalysisHelper.transformDownWithPruning$(AnalysisHelper.scala:263)
	at org.apache.spark.sql.catalyst.plans.logical.LogicalPlan.transformDownWithPruning(LogicalPlan.scala:32)
	at org.apache.spark.sql.catalyst.plans.logical.LogicalPlan.transformDownWithPruning(LogicalPlan.scala:32)
	at org.apache.spark.sql.catalyst.trees.TreeNode.transformDown(TreeNode.scala:437)
	at org.apache.spark.sql.execution.QueryExecution.eagerlyExecuteCommands(QueryExecution.scala:98)
	at org.apache.spark.sql.execution.QueryExecution.commandExecuted$lzycompute(QueryExecution.scala:85)
	at org.apache.spark.sql.execution.QueryExecution.commandExecuted(QueryExecution.scala:83)
	at org.apache.spark.sql.Dataset.<init>(Dataset.scala:220)
	at org.apache.spark.sql.Dataset$.$anonfun$ofRows$2(Dataset.scala:100)
	at org.apache.spark.sql.SparkSession.withActive(SparkSession.scala:900)
	at org.apache.spark.sql.Dataset$.ofRows(Dataset.scala:97)
	at org.apache.spark.sql.SparkSession.$anonfun$sql$4(SparkSession.scala:691)
	at org.apache.spark.sql.SparkSession.withActive(SparkSession.scala:900)
	at org.apache.spark.sql.SparkSession.sql(SparkSession.scala:682)
	at org.apache.spark.sql.SparkSession.sql(SparkSession.scala:713)
	at org.apache.spark.sql.SparkSession.sql(SparkSession.scala:744)
	at com.logging.consumer.StructuredLogConsumer.ensureTableExists(StructuredLogConsumer.java:244)
	... 14 more
