:: loading settings :: url = jar:file:/opt/spark/jars/ivy-2.5.1.jar!/org/apache/ivy/core/settings/ivysettings.xml
Ivy Default Cache set to: /home/spark/.ivy2/cache
The jars for the packages stored in: /home/spark/.ivy2/jars
org.apache.hadoop#hadoop-aws added as a dependency
com.amazonaws#aws-java-sdk-bundle added as a dependency
software.amazon.awssdk#bundle added as a dependency
software.amazon.awssdk#url-connection-client added as a dependency
:: resolving dependencies :: org.apache.spark#spark-submit-parent-fb26772c-a6f0-4571-bdc8-15042e69cbf4;1.0
	confs: [default]
	found org.apache.hadoop#hadoop-aws;3.3.4 in central
	found com.amazonaws#aws-java-sdk-bundle;1.12.262 in central
	found org.wildfly.openssl#wildfly-openssl;1.0.7.Final in central
	found software.amazon.awssdk#bundle;2.17.257 in central
	found software.amazon.eventstream#eventstream;1.0.1 in central
	found software.amazon.awssdk#url-connection-client;2.17.257 in central
	found software.amazon.awssdk#utils;2.17.257 in central
	found org.reactivestreams#reactive-streams;1.0.3 in central
	found software.amazon.awssdk#annotations;2.17.257 in central
	found org.slf4j#slf4j-api;1.7.30 in central
	found software.amazon.awssdk#http-client-spi;2.17.257 in central
	found software.amazon.awssdk#metrics-spi;2.17.257 in central
:: resolution report :: resolve 228ms :: artifacts dl 14ms
	:: modules in use:
	com.amazonaws#aws-java-sdk-bundle;1.12.262 from central in [default]
	org.apache.hadoop#hadoop-aws;3.3.4 from central in [default]
	org.reactivestreams#reactive-streams;1.0.3 from central in [default]
	org.slf4j#slf4j-api;1.7.30 from central in [default]
	org.wildfly.openssl#wildfly-openssl;1.0.7.Final from central in [default]
	software.amazon.awssdk#annotations;2.17.257 from central in [default]
	software.amazon.awssdk#bundle;2.17.257 from central in [default]
	software.amazon.awssdk#http-client-spi;2.17.257 from central in [default]
	software.amazon.awssdk#metrics-spi;2.17.257 from central in [default]
	software.amazon.awssdk#url-connection-client;2.17.257 from central in [default]
	software.amazon.awssdk#utils;2.17.257 from central in [default]
	software.amazon.eventstream#eventstream;1.0.1 from central in [default]
	---------------------------------------------------------------------
	|                  |            modules            ||   artifacts   |
	|       conf       | number| search|dwnlded|evicted|| number|dwnlded|
	---------------------------------------------------------------------
	|      default     |   12  |   0   |   0   |   0   ||   12  |   0   |
	---------------------------------------------------------------------
:: retrieving :: org.apache.spark#spark-submit-parent-fb26772c-a6f0-4571-bdc8-15042e69cbf4
	confs: [default]
	0 artifacts copied, 12 already retrieved (0kB/3ms)
25/11/25 19:49:23 WARN NativeCodeLoader: Unable to load native-hadoop library for your platform... using builtin-java classes where applicable
Loaded 2 log configurations
25/11/25 19:49:23 INFO SparkContext: Running Spark version 3.5.0
25/11/25 19:49:23 INFO SparkContext: OS info Linux, 6.6.96-0-virt, aarch64
25/11/25 19:49:23 INFO SparkContext: Java version 11.0.20.1
25/11/25 19:49:23 INFO ResourceUtils: ==============================================================
25/11/25 19:49:23 INFO ResourceUtils: No custom resources configured for spark.driver.
25/11/25 19:49:23 INFO ResourceUtils: ==============================================================
25/11/25 19:49:23 INFO SparkContext: Submitted application: StructuredLogConsumer
25/11/25 19:49:23 INFO ResourceProfile: Default ResourceProfile created, executor resources: Map(cores -> name: cores, amount: 1, script: , vendor: , memory -> name: memory, amount: 1024, script: , vendor: , offHeap -> name: offHeap, amount: 0, script: , vendor: ), task resources: Map(cpus -> name: cpus, amount: 1.0)
25/11/25 19:49:23 INFO ResourceProfile: Limiting resource is cpu
25/11/25 19:49:23 INFO ResourceProfileManager: Added ResourceProfile id: 0
25/11/25 19:49:23 INFO SecurityManager: Changing view acls to: spark
25/11/25 19:49:23 INFO SecurityManager: Changing modify acls to: spark
25/11/25 19:49:23 INFO SecurityManager: Changing view acls groups to: 
25/11/25 19:49:23 INFO SecurityManager: Changing modify acls groups to: 
25/11/25 19:49:23 INFO SecurityManager: SecurityManager: authentication disabled; ui acls disabled; users with view permissions: spark; groups with view permissions: EMPTY; users with modify permissions: spark; groups with modify permissions: EMPTY
25/11/25 19:49:23 INFO Utils: Successfully started service 'sparkDriver' on port 46351.
25/11/25 19:49:23 INFO SparkEnv: Registering MapOutputTracker
25/11/25 19:49:23 INFO SparkEnv: Registering BlockManagerMaster
25/11/25 19:49:23 INFO BlockManagerMasterEndpoint: Using org.apache.spark.storage.DefaultTopologyMapper for getting topology information
25/11/25 19:49:23 INFO BlockManagerMasterEndpoint: BlockManagerMasterEndpoint up
25/11/25 19:49:23 INFO SparkEnv: Registering BlockManagerMasterHeartbeat
25/11/25 19:49:23 INFO DiskBlockManager: Created local directory at /tmp/blockmgr-705cecb7-ffe2-47d7-b7f2-971b1434d71d
25/11/25 19:49:23 INFO MemoryStore: MemoryStore started with capacity 434.4 MiB
25/11/25 19:49:23 INFO SparkEnv: Registering OutputCommitCoordinator
25/11/25 19:49:23 INFO JettyUtils: Start Jetty 0.0.0.0:4040 for SparkUI
25/11/25 19:49:23 INFO Utils: Successfully started service 'SparkUI' on port 4040.
25/11/25 19:49:23 INFO SparkContext: Added JAR file:///home/spark/.ivy2/jars/org.apache.hadoop_hadoop-aws-3.3.4.jar at spark://77a86cad8211:46351/jars/org.apache.hadoop_hadoop-aws-3.3.4.jar with timestamp 1764100163280
25/11/25 19:49:23 INFO SparkContext: Added JAR file:///home/spark/.ivy2/jars/com.amazonaws_aws-java-sdk-bundle-1.12.262.jar at spark://77a86cad8211:46351/jars/com.amazonaws_aws-java-sdk-bundle-1.12.262.jar with timestamp 1764100163280
25/11/25 19:49:23 INFO SparkContext: Added JAR file:///home/spark/.ivy2/jars/software.amazon.awssdk_bundle-2.17.257.jar at spark://77a86cad8211:46351/jars/software.amazon.awssdk_bundle-2.17.257.jar with timestamp 1764100163280
25/11/25 19:49:23 INFO SparkContext: Added JAR file:///home/spark/.ivy2/jars/software.amazon.awssdk_url-connection-client-2.17.257.jar at spark://77a86cad8211:46351/jars/software.amazon.awssdk_url-connection-client-2.17.257.jar with timestamp 1764100163280
25/11/25 19:49:23 INFO SparkContext: Added JAR file:///home/spark/.ivy2/jars/org.wildfly.openssl_wildfly-openssl-1.0.7.Final.jar at spark://77a86cad8211:46351/jars/org.wildfly.openssl_wildfly-openssl-1.0.7.Final.jar with timestamp 1764100163280
25/11/25 19:49:23 INFO SparkContext: Added JAR file:///home/spark/.ivy2/jars/software.amazon.eventstream_eventstream-1.0.1.jar at spark://77a86cad8211:46351/jars/software.amazon.eventstream_eventstream-1.0.1.jar with timestamp 1764100163280
25/11/25 19:49:23 INFO SparkContext: Added JAR file:///home/spark/.ivy2/jars/software.amazon.awssdk_utils-2.17.257.jar at spark://77a86cad8211:46351/jars/software.amazon.awssdk_utils-2.17.257.jar with timestamp 1764100163280
25/11/25 19:49:23 INFO SparkContext: Added JAR file:///home/spark/.ivy2/jars/software.amazon.awssdk_annotations-2.17.257.jar at spark://77a86cad8211:46351/jars/software.amazon.awssdk_annotations-2.17.257.jar with timestamp 1764100163280
25/11/25 19:49:23 INFO SparkContext: Added JAR file:///home/spark/.ivy2/jars/software.amazon.awssdk_http-client-spi-2.17.257.jar at spark://77a86cad8211:46351/jars/software.amazon.awssdk_http-client-spi-2.17.257.jar with timestamp 1764100163280
25/11/25 19:49:23 INFO SparkContext: Added JAR file:///home/spark/.ivy2/jars/org.reactivestreams_reactive-streams-1.0.3.jar at spark://77a86cad8211:46351/jars/org.reactivestreams_reactive-streams-1.0.3.jar with timestamp 1764100163280
25/11/25 19:49:23 INFO SparkContext: Added JAR file:///home/spark/.ivy2/jars/org.slf4j_slf4j-api-1.7.30.jar at spark://77a86cad8211:46351/jars/org.slf4j_slf4j-api-1.7.30.jar with timestamp 1764100163280
25/11/25 19:49:23 INFO SparkContext: Added JAR file:///home/spark/.ivy2/jars/software.amazon.awssdk_metrics-spi-2.17.257.jar at spark://77a86cad8211:46351/jars/software.amazon.awssdk_metrics-spi-2.17.257.jar with timestamp 1764100163280
25/11/25 19:49:23 INFO SparkContext: Added JAR file:/opt/spark-apps-java/structured-log-consumer-1.0.0.jar at spark://77a86cad8211:46351/jars/structured-log-consumer-1.0.0.jar with timestamp 1764100163280
25/11/25 19:49:23 INFO Executor: Starting executor ID driver on host 77a86cad8211
25/11/25 19:49:23 INFO Executor: OS info Linux, 6.6.96-0-virt, aarch64
25/11/25 19:49:23 INFO Executor: Java version 11.0.20.1
25/11/25 19:49:23 INFO Executor: Starting executor with user classpath (userClassPathFirst = false): ''
25/11/25 19:49:23 INFO Executor: Created or updated repl class loader org.apache.spark.util.MutableURLClassLoader@93bf0e0 for default.
25/11/25 19:49:23 INFO Executor: Fetching spark://77a86cad8211:46351/jars/com.amazonaws_aws-java-sdk-bundle-1.12.262.jar with timestamp 1764100163280
25/11/25 19:49:24 INFO TransportClientFactory: Successfully created connection to 77a86cad8211/172.20.0.3:46351 after 21 ms (0 ms spent in bootstraps)
25/11/25 19:49:24 INFO Utils: Fetching spark://77a86cad8211:46351/jars/com.amazonaws_aws-java-sdk-bundle-1.12.262.jar to /tmp/spark-d1164011-d86d-45e1-a809-0fff804ea3a6/userFiles-34627193-8992-4824-8ec1-7a50a70f02f9/fetchFileTemp590114656334245065.tmp
25/11/25 19:49:24 INFO Executor: Adding file:/tmp/spark-d1164011-d86d-45e1-a809-0fff804ea3a6/userFiles-34627193-8992-4824-8ec1-7a50a70f02f9/com.amazonaws_aws-java-sdk-bundle-1.12.262.jar to class loader default
25/11/25 19:49:24 INFO Executor: Fetching spark://77a86cad8211:46351/jars/org.reactivestreams_reactive-streams-1.0.3.jar with timestamp 1764100163280
25/11/25 19:49:24 INFO Utils: Fetching spark://77a86cad8211:46351/jars/org.reactivestreams_reactive-streams-1.0.3.jar to /tmp/spark-d1164011-d86d-45e1-a809-0fff804ea3a6/userFiles-34627193-8992-4824-8ec1-7a50a70f02f9/fetchFileTemp1426833353632732135.tmp
25/11/25 19:49:24 INFO Executor: Adding file:/tmp/spark-d1164011-d86d-45e1-a809-0fff804ea3a6/userFiles-34627193-8992-4824-8ec1-7a50a70f02f9/org.reactivestreams_reactive-streams-1.0.3.jar to class loader default
25/11/25 19:49:24 INFO Executor: Fetching spark://77a86cad8211:46351/jars/org.wildfly.openssl_wildfly-openssl-1.0.7.Final.jar with timestamp 1764100163280
25/11/25 19:49:24 INFO Utils: Fetching spark://77a86cad8211:46351/jars/org.wildfly.openssl_wildfly-openssl-1.0.7.Final.jar to /tmp/spark-d1164011-d86d-45e1-a809-0fff804ea3a6/userFiles-34627193-8992-4824-8ec1-7a50a70f02f9/fetchFileTemp10007114854327429399.tmp
25/11/25 19:49:24 INFO Executor: Adding file:/tmp/spark-d1164011-d86d-45e1-a809-0fff804ea3a6/userFiles-34627193-8992-4824-8ec1-7a50a70f02f9/org.wildfly.openssl_wildfly-openssl-1.0.7.Final.jar to class loader default
25/11/25 19:49:24 INFO Executor: Fetching spark://77a86cad8211:46351/jars/software.amazon.awssdk_url-connection-client-2.17.257.jar with timestamp 1764100163280
25/11/25 19:49:24 INFO Utils: Fetching spark://77a86cad8211:46351/jars/software.amazon.awssdk_url-connection-client-2.17.257.jar to /tmp/spark-d1164011-d86d-45e1-a809-0fff804ea3a6/userFiles-34627193-8992-4824-8ec1-7a50a70f02f9/fetchFileTemp15666931410158700565.tmp
25/11/25 19:49:24 INFO Executor: Adding file:/tmp/spark-d1164011-d86d-45e1-a809-0fff804ea3a6/userFiles-34627193-8992-4824-8ec1-7a50a70f02f9/software.amazon.awssdk_url-connection-client-2.17.257.jar to class loader default
25/11/25 19:49:24 INFO Executor: Fetching spark://77a86cad8211:46351/jars/software.amazon.awssdk_bundle-2.17.257.jar with timestamp 1764100163280
25/11/25 19:49:24 INFO Utils: Fetching spark://77a86cad8211:46351/jars/software.amazon.awssdk_bundle-2.17.257.jar to /tmp/spark-d1164011-d86d-45e1-a809-0fff804ea3a6/userFiles-34627193-8992-4824-8ec1-7a50a70f02f9/fetchFileTemp12752561770320760654.tmp
25/11/25 19:49:24 INFO Executor: Adding file:/tmp/spark-d1164011-d86d-45e1-a809-0fff804ea3a6/userFiles-34627193-8992-4824-8ec1-7a50a70f02f9/software.amazon.awssdk_bundle-2.17.257.jar to class loader default
25/11/25 19:49:24 INFO Executor: Fetching spark://77a86cad8211:46351/jars/software.amazon.awssdk_metrics-spi-2.17.257.jar with timestamp 1764100163280
25/11/25 19:49:24 INFO Utils: Fetching spark://77a86cad8211:46351/jars/software.amazon.awssdk_metrics-spi-2.17.257.jar to /tmp/spark-d1164011-d86d-45e1-a809-0fff804ea3a6/userFiles-34627193-8992-4824-8ec1-7a50a70f02f9/fetchFileTemp12907983311405532343.tmp
25/11/25 19:49:24 INFO Executor: Adding file:/tmp/spark-d1164011-d86d-45e1-a809-0fff804ea3a6/userFiles-34627193-8992-4824-8ec1-7a50a70f02f9/software.amazon.awssdk_metrics-spi-2.17.257.jar to class loader default
25/11/25 19:49:24 INFO Executor: Fetching spark://77a86cad8211:46351/jars/software.amazon.awssdk_annotations-2.17.257.jar with timestamp 1764100163280
25/11/25 19:49:24 INFO Utils: Fetching spark://77a86cad8211:46351/jars/software.amazon.awssdk_annotations-2.17.257.jar to /tmp/spark-d1164011-d86d-45e1-a809-0fff804ea3a6/userFiles-34627193-8992-4824-8ec1-7a50a70f02f9/fetchFileTemp4271138282674964571.tmp
25/11/25 19:49:24 INFO Executor: Adding file:/tmp/spark-d1164011-d86d-45e1-a809-0fff804ea3a6/userFiles-34627193-8992-4824-8ec1-7a50a70f02f9/software.amazon.awssdk_annotations-2.17.257.jar to class loader default
25/11/25 19:49:24 INFO Executor: Fetching spark://77a86cad8211:46351/jars/structured-log-consumer-1.0.0.jar with timestamp 1764100163280
25/11/25 19:49:24 INFO Utils: Fetching spark://77a86cad8211:46351/jars/structured-log-consumer-1.0.0.jar to /tmp/spark-d1164011-d86d-45e1-a809-0fff804ea3a6/userFiles-34627193-8992-4824-8ec1-7a50a70f02f9/fetchFileTemp14370259434483181325.tmp
25/11/25 19:49:24 INFO Executor: Adding file:/tmp/spark-d1164011-d86d-45e1-a809-0fff804ea3a6/userFiles-34627193-8992-4824-8ec1-7a50a70f02f9/structured-log-consumer-1.0.0.jar to class loader default
25/11/25 19:49:24 INFO Executor: Fetching spark://77a86cad8211:46351/jars/software.amazon.awssdk_http-client-spi-2.17.257.jar with timestamp 1764100163280
25/11/25 19:49:24 INFO Utils: Fetching spark://77a86cad8211:46351/jars/software.amazon.awssdk_http-client-spi-2.17.257.jar to /tmp/spark-d1164011-d86d-45e1-a809-0fff804ea3a6/userFiles-34627193-8992-4824-8ec1-7a50a70f02f9/fetchFileTemp16301763600989179586.tmp
25/11/25 19:49:24 INFO Executor: Adding file:/tmp/spark-d1164011-d86d-45e1-a809-0fff804ea3a6/userFiles-34627193-8992-4824-8ec1-7a50a70f02f9/software.amazon.awssdk_http-client-spi-2.17.257.jar to class loader default
25/11/25 19:49:24 INFO Executor: Fetching spark://77a86cad8211:46351/jars/software.amazon.awssdk_utils-2.17.257.jar with timestamp 1764100163280
25/11/25 19:49:24 INFO Utils: Fetching spark://77a86cad8211:46351/jars/software.amazon.awssdk_utils-2.17.257.jar to /tmp/spark-d1164011-d86d-45e1-a809-0fff804ea3a6/userFiles-34627193-8992-4824-8ec1-7a50a70f02f9/fetchFileTemp8654898334701748492.tmp
25/11/25 19:49:24 INFO Executor: Adding file:/tmp/spark-d1164011-d86d-45e1-a809-0fff804ea3a6/userFiles-34627193-8992-4824-8ec1-7a50a70f02f9/software.amazon.awssdk_utils-2.17.257.jar to class loader default
25/11/25 19:49:24 INFO Executor: Fetching spark://77a86cad8211:46351/jars/org.slf4j_slf4j-api-1.7.30.jar with timestamp 1764100163280
25/11/25 19:49:24 INFO Utils: Fetching spark://77a86cad8211:46351/jars/org.slf4j_slf4j-api-1.7.30.jar to /tmp/spark-d1164011-d86d-45e1-a809-0fff804ea3a6/userFiles-34627193-8992-4824-8ec1-7a50a70f02f9/fetchFileTemp1753654475696911552.tmp
25/11/25 19:49:24 INFO Executor: Adding file:/tmp/spark-d1164011-d86d-45e1-a809-0fff804ea3a6/userFiles-34627193-8992-4824-8ec1-7a50a70f02f9/org.slf4j_slf4j-api-1.7.30.jar to class loader default
25/11/25 19:49:24 INFO Executor: Fetching spark://77a86cad8211:46351/jars/org.apache.hadoop_hadoop-aws-3.3.4.jar with timestamp 1764100163280
25/11/25 19:49:24 INFO Utils: Fetching spark://77a86cad8211:46351/jars/org.apache.hadoop_hadoop-aws-3.3.4.jar to /tmp/spark-d1164011-d86d-45e1-a809-0fff804ea3a6/userFiles-34627193-8992-4824-8ec1-7a50a70f02f9/fetchFileTemp9579993119602824071.tmp
25/11/25 19:49:24 INFO Executor: Adding file:/tmp/spark-d1164011-d86d-45e1-a809-0fff804ea3a6/userFiles-34627193-8992-4824-8ec1-7a50a70f02f9/org.apache.hadoop_hadoop-aws-3.3.4.jar to class loader default
25/11/25 19:49:24 INFO Executor: Fetching spark://77a86cad8211:46351/jars/software.amazon.eventstream_eventstream-1.0.1.jar with timestamp 1764100163280
25/11/25 19:49:24 INFO Utils: Fetching spark://77a86cad8211:46351/jars/software.amazon.eventstream_eventstream-1.0.1.jar to /tmp/spark-d1164011-d86d-45e1-a809-0fff804ea3a6/userFiles-34627193-8992-4824-8ec1-7a50a70f02f9/fetchFileTemp5253035926523950693.tmp
25/11/25 19:49:24 INFO Executor: Adding file:/tmp/spark-d1164011-d86d-45e1-a809-0fff804ea3a6/userFiles-34627193-8992-4824-8ec1-7a50a70f02f9/software.amazon.eventstream_eventstream-1.0.1.jar to class loader default
25/11/25 19:49:24 INFO Utils: Successfully started service 'org.apache.spark.network.netty.NettyBlockTransferService' on port 35711.
25/11/25 19:49:24 INFO NettyBlockTransferService: Server created on 77a86cad8211:35711
25/11/25 19:49:24 INFO BlockManager: Using org.apache.spark.storage.RandomBlockReplicationPolicy for block replication policy
25/11/25 19:49:24 INFO BlockManagerMaster: Registering BlockManager BlockManagerId(driver, 77a86cad8211, 35711, None)
25/11/25 19:49:24 INFO BlockManagerMasterEndpoint: Registering block manager 77a86cad8211:35711 with 434.4 MiB RAM, BlockManagerId(driver, 77a86cad8211, 35711, None)
25/11/25 19:49:24 INFO BlockManagerMaster: Registered BlockManager BlockManagerId(driver, 77a86cad8211, 35711, None)
25/11/25 19:49:24 INFO BlockManager: Initialized BlockManager: BlockManagerId(driver, 77a86cad8211, 35711, None)
Processing log config: ApiMetrics -> analytics.logs.api_metrics
Creating database if not exists: local.analytics
Creating schema if not exists: local.analytics.logs
Error creating table analytics.logs.api_metrics: Cannot support multi part namespace in Hive Metastore: analytics.logs
java.lang.IllegalArgumentException: Cannot support multi part namespace in Hive Metastore: analytics.logs
	at org.apache.iceberg.relocated.com.google.common.base.Preconditions.checkArgument(Preconditions.java:218)
	at org.apache.iceberg.hive.HiveCatalog.createNamespace(HiveCatalog.java:271)
	at org.apache.iceberg.spark.SparkCatalog.createNamespace(SparkCatalog.java:471)
	at org.apache.spark.sql.execution.datasources.v2.CreateNamespaceExec.run(CreateNamespaceExec.scala:47)
	at org.apache.spark.sql.execution.datasources.v2.V2CommandExec.result$lzycompute(V2CommandExec.scala:43)
	at org.apache.spark.sql.execution.datasources.v2.V2CommandExec.result(V2CommandExec.scala:43)
	at org.apache.spark.sql.execution.datasources.v2.V2CommandExec.executeCollect(V2CommandExec.scala:49)
	at org.apache.spark.sql.execution.QueryExecution$$anonfun$eagerlyExecuteCommands$1.$anonfun$applyOrElse$1(QueryExecution.scala:107)
	at org.apache.spark.sql.execution.SQLExecution$.$anonfun$withNewExecutionId$6(SQLExecution.scala:125)
	at org.apache.spark.sql.execution.SQLExecution$.withSQLConfPropagated(SQLExecution.scala:201)
	at org.apache.spark.sql.execution.SQLExecution$.$anonfun$withNewExecutionId$1(SQLExecution.scala:108)
	at org.apache.spark.sql.SparkSession.withActive(SparkSession.scala:900)
	at org.apache.spark.sql.execution.SQLExecution$.withNewExecutionId(SQLExecution.scala:66)
	at org.apache.spark.sql.execution.QueryExecution$$anonfun$eagerlyExecuteCommands$1.applyOrElse(QueryExecution.scala:107)
	at org.apache.spark.sql.execution.QueryExecution$$anonfun$eagerlyExecuteCommands$1.applyOrElse(QueryExecution.scala:98)
	at org.apache.spark.sql.catalyst.trees.TreeNode.$anonfun$transformDownWithPruning$1(TreeNode.scala:461)
	at org.apache.spark.sql.catalyst.trees.CurrentOrigin$.withOrigin(origin.scala:76)
	at org.apache.spark.sql.catalyst.trees.TreeNode.transformDownWithPruning(TreeNode.scala:461)
	at org.apache.spark.sql.catalyst.plans.logical.LogicalPlan.org$apache$spark$sql$catalyst$plans$logical$AnalysisHelper$$super$transformDownWithPruning(LogicalPlan.scala:32)
	at org.apache.spark.sql.catalyst.plans.logical.AnalysisHelper.transformDownWithPruning(AnalysisHelper.scala:267)
	at org.apache.spark.sql.catalyst.plans.logical.AnalysisHelper.transformDownWithPruning$(AnalysisHelper.scala:263)
	at org.apache.spark.sql.catalyst.plans.logical.LogicalPlan.transformDownWithPruning(LogicalPlan.scala:32)
	at org.apache.spark.sql.catalyst.plans.logical.LogicalPlan.transformDownWithPruning(LogicalPlan.scala:32)
	at org.apache.spark.sql.catalyst.trees.TreeNode.transformDown(TreeNode.scala:437)
	at org.apache.spark.sql.execution.QueryExecution.eagerlyExecuteCommands(QueryExecution.scala:98)
	at org.apache.spark.sql.execution.QueryExecution.commandExecuted$lzycompute(QueryExecution.scala:85)
	at org.apache.spark.sql.execution.QueryExecution.commandExecuted(QueryExecution.scala:83)
	at org.apache.spark.sql.Dataset.<init>(Dataset.scala:220)
	at org.apache.spark.sql.Dataset$.$anonfun$ofRows$2(Dataset.scala:100)
	at org.apache.spark.sql.SparkSession.withActive(SparkSession.scala:900)
	at org.apache.spark.sql.Dataset$.ofRows(Dataset.scala:97)
	at org.apache.spark.sql.SparkSession.$anonfun$sql$4(SparkSession.scala:691)
	at org.apache.spark.sql.SparkSession.withActive(SparkSession.scala:900)
	at org.apache.spark.sql.SparkSession.sql(SparkSession.scala:682)
	at org.apache.spark.sql.SparkSession.sql(SparkSession.scala:713)
	at org.apache.spark.sql.SparkSession.sql(SparkSession.scala:744)
	at com.logging.consumer.StructuredLogConsumer.ensureTableExists(StructuredLogConsumer.java:222)
	at com.logging.consumer.StructuredLogConsumer.processLogConfig(StructuredLogConsumer.java:140)
	at com.logging.consumer.StructuredLogConsumer.main(StructuredLogConsumer.java:69)
	at java.base/jdk.internal.reflect.NativeMethodAccessorImpl.invoke0(Native Method)
	at java.base/jdk.internal.reflect.NativeMethodAccessorImpl.invoke(Unknown Source)
	at java.base/jdk.internal.reflect.DelegatingMethodAccessorImpl.invoke(Unknown Source)
	at java.base/java.lang.reflect.Method.invoke(Unknown Source)
	at org.apache.spark.deploy.JavaMainApplication.start(SparkApplication.scala:52)
	at org.apache.spark.deploy.SparkSubmit.org$apache$spark$deploy$SparkSubmit$$runMain(SparkSubmit.scala:1029)
	at org.apache.spark.deploy.SparkSubmit.doRunMain$1(SparkSubmit.scala:194)
	at org.apache.spark.deploy.SparkSubmit.submit(SparkSubmit.scala:217)
	at org.apache.spark.deploy.SparkSubmit.doSubmit(SparkSubmit.scala:91)
	at org.apache.spark.deploy.SparkSubmit$$anon$2.doSubmit(SparkSubmit.scala:1120)
	at org.apache.spark.deploy.SparkSubmit$.main(SparkSubmit.scala:1129)
	at org.apache.spark.deploy.SparkSubmit.main(SparkSubmit.scala)
Exception in thread "main" java.lang.RuntimeException: Failed to create table
	at com.logging.consumer.StructuredLogConsumer.ensureTableExists(StructuredLogConsumer.java:262)
	at com.logging.consumer.StructuredLogConsumer.processLogConfig(StructuredLogConsumer.java:140)
	at com.logging.consumer.StructuredLogConsumer.main(StructuredLogConsumer.java:69)
	at java.base/jdk.internal.reflect.NativeMethodAccessorImpl.invoke0(Native Method)
	at java.base/jdk.internal.reflect.NativeMethodAccessorImpl.invoke(Unknown Source)
	at java.base/jdk.internal.reflect.DelegatingMethodAccessorImpl.invoke(Unknown Source)
	at java.base/java.lang.reflect.Method.invoke(Unknown Source)
	at org.apache.spark.deploy.JavaMainApplication.start(SparkApplication.scala:52)
	at org.apache.spark.deploy.SparkSubmit.org$apache$spark$deploy$SparkSubmit$$runMain(SparkSubmit.scala:1029)
	at org.apache.spark.deploy.SparkSubmit.doRunMain$1(SparkSubmit.scala:194)
	at org.apache.spark.deploy.SparkSubmit.submit(SparkSubmit.scala:217)
	at org.apache.spark.deploy.SparkSubmit.doSubmit(SparkSubmit.scala:91)
	at org.apache.spark.deploy.SparkSubmit$$anon$2.doSubmit(SparkSubmit.scala:1120)
	at org.apache.spark.deploy.SparkSubmit$.main(SparkSubmit.scala:1129)
	at org.apache.spark.deploy.SparkSubmit.main(SparkSubmit.scala)
Caused by: java.lang.IllegalArgumentException: Cannot support multi part namespace in Hive Metastore: analytics.logs
	at org.apache.iceberg.relocated.com.google.common.base.Preconditions.checkArgument(Preconditions.java:218)
	at org.apache.iceberg.hive.HiveCatalog.createNamespace(HiveCatalog.java:271)
	at org.apache.iceberg.spark.SparkCatalog.createNamespace(SparkCatalog.java:471)
	at org.apache.spark.sql.execution.datasources.v2.CreateNamespaceExec.run(CreateNamespaceExec.scala:47)
	at org.apache.spark.sql.execution.datasources.v2.V2CommandExec.result$lzycompute(V2CommandExec.scala:43)
	at org.apache.spark.sql.execution.datasources.v2.V2CommandExec.result(V2CommandExec.scala:43)
	at org.apache.spark.sql.execution.datasources.v2.V2CommandExec.executeCollect(V2CommandExec.scala:49)
	at org.apache.spark.sql.execution.QueryExecution$$anonfun$eagerlyExecuteCommands$1.$anonfun$applyOrElse$1(QueryExecution.scala:107)
	at org.apache.spark.sql.execution.SQLExecution$.$anonfun$withNewExecutionId$6(SQLExecution.scala:125)
	at org.apache.spark.sql.execution.SQLExecution$.withSQLConfPropagated(SQLExecution.scala:201)
	at org.apache.spark.sql.execution.SQLExecution$.$anonfun$withNewExecutionId$1(SQLExecution.scala:108)
	at org.apache.spark.sql.SparkSession.withActive(SparkSession.scala:900)
	at org.apache.spark.sql.execution.SQLExecution$.withNewExecutionId(SQLExecution.scala:66)
	at org.apache.spark.sql.execution.QueryExecution$$anonfun$eagerlyExecuteCommands$1.applyOrElse(QueryExecution.scala:107)
	at org.apache.spark.sql.execution.QueryExecution$$anonfun$eagerlyExecuteCommands$1.applyOrElse(QueryExecution.scala:98)
	at org.apache.spark.sql.catalyst.trees.TreeNode.$anonfun$transformDownWithPruning$1(TreeNode.scala:461)
	at org.apache.spark.sql.catalyst.trees.CurrentOrigin$.withOrigin(origin.scala:76)
	at org.apache.spark.sql.catalyst.trees.TreeNode.transformDownWithPruning(TreeNode.scala:461)
	at org.apache.spark.sql.catalyst.plans.logical.LogicalPlan.org$apache$spark$sql$catalyst$plans$logical$AnalysisHelper$$super$transformDownWithPruning(LogicalPlan.scala:32)
	at org.apache.spark.sql.catalyst.plans.logical.AnalysisHelper.transformDownWithPruning(AnalysisHelper.scala:267)
	at org.apache.spark.sql.catalyst.plans.logical.AnalysisHelper.transformDownWithPruning$(AnalysisHelper.scala:263)
	at org.apache.spark.sql.catalyst.plans.logical.LogicalPlan.transformDownWithPruning(LogicalPlan.scala:32)
	at org.apache.spark.sql.catalyst.plans.logical.LogicalPlan.transformDownWithPruning(LogicalPlan.scala:32)
	at org.apache.spark.sql.catalyst.trees.TreeNode.transformDown(TreeNode.scala:437)
	at org.apache.spark.sql.execution.QueryExecution.eagerlyExecuteCommands(QueryExecution.scala:98)
	at org.apache.spark.sql.execution.QueryExecution.commandExecuted$lzycompute(QueryExecution.scala:85)
	at org.apache.spark.sql.execution.QueryExecution.commandExecuted(QueryExecution.scala:83)
	at org.apache.spark.sql.Dataset.<init>(Dataset.scala:220)
	at org.apache.spark.sql.Dataset$.$anonfun$ofRows$2(Dataset.scala:100)
	at org.apache.spark.sql.SparkSession.withActive(SparkSession.scala:900)
	at org.apache.spark.sql.Dataset$.ofRows(Dataset.scala:97)
	at org.apache.spark.sql.SparkSession.$anonfun$sql$4(SparkSession.scala:691)
	at org.apache.spark.sql.SparkSession.withActive(SparkSession.scala:900)
	at org.apache.spark.sql.SparkSession.sql(SparkSession.scala:682)
	at org.apache.spark.sql.SparkSession.sql(SparkSession.scala:713)
	at org.apache.spark.sql.SparkSession.sql(SparkSession.scala:744)
	at com.logging.consumer.StructuredLogConsumer.ensureTableExists(StructuredLogConsumer.java:222)
	... 14 more
